info: ::1 - - [05/Jun/2025:06:38:00 +0000] "GET /api/ HTTP/1.1" 304 - "-" "Mozilla/5.0 (Windows NT 10.0; Win64; x64) AppleWebKit/537.36 (KHTML, like Gecko) Chrome/137.0.0.0 Safari/537.36 Edg/137.0.0.0"

info: ::1 - - [05/Jun/2025:06:38:01 +0000] "GET /favicon.ico HTTP/1.1" 401 56 "-" "Mozilla/5.0 (Windows NT 10.0; Win64; x64) AppleWebKit/537.36 (KHTML, like Gecko) Chrome/137.0.0.0 Safari/537.36 Edg/137.0.0.0"

info: ::1 - - [05/Jun/2025:07:39:08 +0000] "POST /api/auth/signup HTTP/1.1" 401 56 "-" "PostmanRuntime/7.44.0"

info: ::1 - - [05/Jun/2025:07:40:34 +0000] "GET /api/auth/signup HTTP/1.1" 401 56 "-" "Mozilla/5.0 (Windows NT 10.0; Win64; x64) AppleWebKit/537.36 (KHTML, like Gecko) Chrome/137.0.0.0 Safari/537.36 Edg/137.0.0.0"

info: ::1 - - [05/Jun/2025:07:40:34 +0000] "GET /favicon.ico HTTP/1.1" 401 56 "-" "Mozilla/5.0 (Windows NT 10.0; Win64; x64) AppleWebKit/537.36 (KHTML, like Gecko) Chrome/137.0.0.0 Safari/537.36 Edg/137.0.0.0"

info: ::1 - - [05/Jun/2025:07:41:54 +0000] "POST /api/auth/signup HTTP/1.1" 401 56 "-" "PostmanRuntime/7.44.0"

info: ::1 - - [05/Jun/2025:07:42:11 +0000] "POST /api/auth/signup HTTP/1.1" 401 56 "-" "PostmanRuntime/7.44.0"

info: ::1 - - [05/Jun/2025:07:45:53 +0000] "POST /api/auth/signup HTTP/1.1" 401 56 "-" "PostmanRuntime/7.44.0"

info: ::1 - - [05/Jun/2025:07:45:54 +0000] "POST /api/auth/signup HTTP/1.1" 401 56 "-" "PostmanRuntime/7.44.0"

info: ::1 - - [05/Jun/2025:07:45:56 +0000] "POST /api/auth/signup HTTP/1.1" 401 56 "-" "PostmanRuntime/7.44.0"

info: ::1 - - [05/Jun/2025:07:49:32 +0000] "POST /api/auth/signup HTTP/1.1" 401 56 "-" "PostmanRuntime/7.44.0"

info: ::1 - - [05/Jun/2025:08:00:27 +0000] "POST /api/auth/signup HTTP/1.1" 401 56 "-" "PostmanRuntime/7.44.0"

info: ::1 - - [05/Jun/2025:08:05:30 +0000] "POST /api/auth/signup HTTP/1.1" 500 52 "-" "PostmanRuntime/7.44.0"

info: ::1 - - [05/Jun/2025:08:09:32 +0000] "POST /api/auth/signup HTTP/1.1" 500 52 "-" "PostmanRuntime/7.44.0"

info: ::1 - - [05/Jun/2025:08:09:35 +0000] "POST /api/auth/signup HTTP/1.1" 500 52 "-" "PostmanRuntime/7.44.0"

info: ::1 - - [05/Jun/2025:08:14:29 +0000] "POST /api/auth/signup HTTP/1.1" 201 405 "-" "PostmanRuntime/7.44.0"

info: ::1 - - [05/Jun/2025:09:27:27 +0000] "POST /api/auth/signup HTTP/1.1" 409 77 "-" "PostmanRuntime/7.44.0"

info: ::1 - - [05/Jun/2025:09:27:46 +0000] "POST /api/auth/signup HTTP/1.1" 201 405 "-" "PostmanRuntime/7.44.0"

info: ::1 - - [05/Jun/2025:09:36:30 +0000] "POST /api/auth/login HTTP/1.1" 401 44 "-" "PostmanRuntime/7.44.0"

info: ::1 - - [05/Jun/2025:09:37:11 +0000] "POST /api/auth/login HTTP/1.1" 200 396 "-" "PostmanRuntime/7.44.0"

info: ::1 - - [05/Jun/2025:10:48:41 +0000] "POST /api/auth/signup HTTP/1.1" 201 394 "-" "PostmanRuntime/7.44.0"

info: ::1 - - [05/Jun/2025:11:33:25 +0000] "POST /api/auth/signup HTTP/1.1" 409 77 "-" "PostmanRuntime/7.44.0"

info: ::1 - - [05/Jun/2025:11:33:48 +0000] "POST /api/auth/signup HTTP/1.1" 201 389 "-" "PostmanRuntime/7.44.0"

info: ::1 - - [05/Jun/2025:12:02:40 +0000] "POST /api/auth/signup HTTP/1.1" 409 55 "-" "PostmanRuntime/7.44.0"

info: ::1 - - [05/Jun/2025:12:03:01 +0000] "POST /api/auth/signup HTTP/1.1" 500 233 "-" "PostmanRuntime/7.44.0"

info: ::1 - - [05/Jun/2025:12:12:04 +0000] "POST /api/auth/signup HTTP/1.1" 400 53 "-" "PostmanRuntime/7.44.0"

info: ::1 - - [05/Jun/2025:12:13:08 +0000] "POST /api/auth/signup HTTP/1.1" 500 61 "-" "PostmanRuntime/7.44.0"

info: ::1 - - [05/Jun/2025:12:13:34 +0000] "POST /api/auth/signup HTTP/1.1" 500 59 "-" "PostmanRuntime/7.44.0"

info: ::1 - - [05/Jun/2025:12:13:44 +0000] "POST /api/auth/signup HTTP/1.1" 400 53 "-" "PostmanRuntime/7.44.0"

info: ::1 - - [05/Jun/2025:12:14:28 +0000] "POST /api/auth/signup HTTP/1.1" 400 53 "-" "PostmanRuntime/7.44.0"

info: ::1 - - [05/Jun/2025:12:14:30 +0000] "POST /api/auth/signup HTTP/1.1" 400 53 "-" "PostmanRuntime/7.44.0"

info: ::1 - - [05/Jun/2025:12:15:01 +0000] "POST /api/auth/signup HTTP/1.1" 400 53 "-" "PostmanRuntime/7.44.0"

info: ::1 - - [05/Jun/2025:12:16:30 +0000] "POST /api/auth/signup HTTP/1.1" 500 59 "-" "PostmanRuntime/7.44.0"

info: ::1 - - [05/Jun/2025:12:20:52 +0000] "POST /api/auth/signup HTTP/1.1" 500 59 "-" "PostmanRuntime/7.44.0"

info: ::1 - - [05/Jun/2025:12:24:17 +0000] "POST /api/auth/signup HTTP/1.1" 500 121 "-" "PostmanRuntime/7.44.0"

info: ::1 - - [05/Jun/2025:12:24:49 +0000] "POST /api/auth/signup HTTP/1.1" 400 320 "-" "PostmanRuntime/7.44.0"

info: ::1 - - [05/Jun/2025:12:26:43 +0000] "POST /api/auth/signup HTTP/1.1" 400 320 "-" "PostmanRuntime/7.44.0"

info: ::1 - - [05/Jun/2025:12:27:48 +0000] "POST /api/auth/signup HTTP/1.1" 201 639 "-" "PostmanRuntime/7.44.0"

info: ::1 - - [05/Jun/2025:12:28:57 +0000] "POST /api/auth/signup HTTP/1.1" 400 237 "-" "PostmanRuntime/7.44.0"

