info: ::1 - - [06/Jun/2025:05:55:04 +0000] "POST /api/auth/signup HTTP/1.1" 500 119 "-" "PostmanRuntime/7.44.0"

info: ::1 - - [06/Jun/2025:05:55:34 +0000] "POST /api/auth/signup HTTP/1.1" 409 55 "-" "PostmanRuntime/7.44.0"

info: ::1 - - [06/Jun/2025:07:16:53 +0000] "POST /api/auth/signup HTTP/1.1" 500 58 "-" "PostmanRuntime/7.44.0"

info: ::1 - - [06/Jun/2025:07:19:57 +0000] "POST /api/auth/signup HTTP/1.1" 409 48 "-" "PostmanRuntime/7.44.0"

info: ::1 - - [06/Jun/2025:07:20:45 +0000] "POST /api/auth/signup HTTP/1.1" 500 58 "-" "PostmanRuntime/7.44.0"

info: ::1 - - [06/Jun/2025:07:44:38 +0000] "POST /api/auth/signup HTTP/1.1" 409 48 "-" "PostmanRuntime/7.44.0"

info: ::1 - - [06/Jun/2025:07:44:51 +0000] "POST /api/auth/signup HTTP/1.1" 201 95 "-" "PostmanRuntime/7.44.0"

info: ::1 - - [06/Jun/2025:08:05:27 +0000] "POST /api/auth/signup HTTP/1.1" 400 590 "-" "PostmanRuntime/7.44.0"

info: ::1 - - [06/Jun/2025:08:05:52 +0000] "POST /api/auth/signup HTTP/1.1" 400 331 "-" "PostmanRuntime/7.44.0"

info: ::1 - - [06/Jun/2025:08:06:09 +0000] "POST /api/auth/signup HTTP/1.1" 400 180 "-" "PostmanRuntime/7.44.0"

info: ::1 - - [06/Jun/2025:08:06:28 +0000] "POST /api/auth/signup HTTP/1.1" 500 121 "-" "PostmanRuntime/7.44.0"

info: ::1 - - [06/Jun/2025:08:07:09 +0000] "POST /api/auth/signup HTTP/1.1" 400 322 "-" "PostmanRuntime/7.44.0"

info: ::1 - - [06/Jun/2025:08:07:17 +0000] "POST /api/auth/signup HTTP/1.1" 409 48 "-" "PostmanRuntime/7.44.0"

info: ::1 - - [06/Jun/2025:08:08:59 +0000] "POST /api/auth/signup HTTP/1.1" 201 95 "-" "PostmanRuntime/7.44.0"

info: ::1 - - [06/Jun/2025:08:17:54 +0000] "POST /api/auth/verify-otp%0A HTTP/1.1" 401 56 "-" "PostmanRuntime/7.44.0"

info: ::1 - - [06/Jun/2025:11:03:54 +0000] "GET /api/coupons/apply HTTP/1.1" 401 56 "-" "Mozilla/5.0 (Windows NT 10.0; Win64; x64) AppleWebKit/537.36 (KHTML, like Gecko) Chrome/137.0.0.0 Safari/537.36"

info: ::1 - - [06/Jun/2025:11:03:54 +0000] "GET /favicon.ico HTTP/1.1" 401 56 "-" "Mozilla/5.0 (Windows NT 10.0; Win64; x64) AppleWebKit/537.36 (KHTML, like Gecko) Chrome/137.0.0.0 Safari/537.36"

info: ::1 - - [06/Jun/2025:11:11:05 +0000] "POST /api/coupons/apply HTTP/1.1" 401 56 "-" "PostmanRuntime/7.44.0"

info: ::1 - - [06/Jun/2025:11:12:13 +0000] "GET /api/notifications HTTP/1.1" 401 56 "-" "PostmanRuntime/7.44.0"

info: ::1 - - [06/Jun/2025:11:13:04 +0000] "GET /api/coupons/apply HTTP/1.1" 401 56 "-" "Mozilla/5.0 (Windows NT 10.0; Win64; x64) AppleWebKit/537.36 (KHTML, like Gecko) Chrome/137.0.0.0 Safari/537.36"

info: ::1 - - [06/Jun/2025:11:13:04 +0000] "GET /favicon.ico HTTP/1.1" 401 56 "-" "Mozilla/5.0 (Windows NT 10.0; Win64; x64) AppleWebKit/537.36 (KHTML, like Gecko) Chrome/137.0.0.0 Safari/537.36"

