info: Connected to the database. {"timestamp":"2025-06-05T06:37:30.627Z"}
info: Server started at http://localhost:3000/api/ {"timestamp":"2025-06-05T06:37:30.671Z"}
info: Connected to the database. {"timestamp":"2025-06-05T07:07:11.804Z"}
info: Server started at http://localhost:3000/api/ {"timestamp":"2025-06-05T07:07:11.908Z"}
info: Connected to the database. {"timestamp":"2025-06-05T07:31:39.847Z"}
info: Server started at http://localhost:3000/api/ {"timestamp":"2025-06-05T07:31:39.888Z"}
info: Connected to the database. {"timestamp":"2025-06-05T07:32:17.545Z"}
info: Server started at http://localhost:3000/api/ {"timestamp":"2025-06-05T07:32:17.570Z"}
info: Connected to the database. {"timestamp":"2025-06-05T07:32:26.480Z"}
info: Server started at http://localhost:3000/api/ {"timestamp":"2025-06-05T07:32:26.512Z"}
info: Connected to the database. {"timestamp":"2025-06-05T07:33:36.026Z"}
info: Server started at http://localhost:3000/api/ {"timestamp":"2025-06-05T07:33:36.057Z"}
info: Connected to the database. {"timestamp":"2025-06-05T07:33:45.726Z"}
info: Server started at http://localhost:3000/api/ {"timestamp":"2025-06-05T07:33:45.757Z"}
info: Connected to the database. {"timestamp":"2025-06-05T07:35:42.135Z"}
info: Server started at http://localhost:3000/api/ {"timestamp":"2025-06-05T07:35:42.160Z"}
info: Connected to the database. {"timestamp":"2025-06-05T07:37:35.998Z"}
info: Server started at http://localhost:3000/api/ {"timestamp":"2025-06-05T07:37:36.037Z"}
info: Connected to the database. {"timestamp":"2025-06-05T07:59:40.466Z"}
info: Server started at http://localhost:3000/api/ {"timestamp":"2025-06-05T07:59:40.490Z"}
info: Connected to the database. {"timestamp":"2025-06-05T08:00:21.437Z"}
info: Server started at http://localhost:3000/api/ {"timestamp":"2025-06-05T08:00:21.460Z"}
info: Connected to the database. {"timestamp":"2025-06-05T08:04:59.776Z"}
info: ✅ Server started at http://localhost:3000/api/ {"timestamp":"2025-06-05T08:04:59.801Z"}
info: Connected to the database. {"timestamp":"2025-06-05T08:05:17.475Z"}
info: ✅ Server started at http://localhost:3000/api/ {"timestamp":"2025-06-05T08:05:17.506Z"}
error: 
    status - 500 
    message - ReferenceError: Op is not defined
    at signup (file:///E:/Drona-project/dhronacharya-backend/src/controllers/auth.controller.js:80:10)
    at Layer.handle [as handle_request] (E:\Drona-project\dhronacharya-backend\node_modules\express\lib\router\layer.js:95:5)
    at next (E:\Drona-project\dhronacharya-backend\node_modules\express\lib\router\route.js:149:13)
    at newUserValidator (file:///E:/Drona-project/dhronacharya-backend/src/validators/user.validator.js:16:5)
    at Layer.handle [as handle_request] (E:\Drona-project\dhronacharya-backend\node_modules\express\lib\router\layer.js:95:5)
    at next (E:\Drona-project\dhronacharya-backend\node_modules\express\lib\router\route.js:149:13)
    at Route.dispatch (E:\Drona-project\dhronacharya-backend\node_modules\express\lib\router\route.js:119:3)
    at Layer.handle [as handle_request] (E:\Drona-project\dhronacharya-backend\node_modules\express\lib\router\layer.js:95:5)
    at E:\Drona-project\dhronacharya-backend\node_modules\express\lib\router\index.js:284:15
    at Function.process_params (E:\Drona-project\dhronacharya-backend\node_modules\express\lib\router\index.js:346:12)
    at next (E:\Drona-project\dhronacharya-backend\node_modules\express\lib\router\index.js:280:10)
    at Function.handle (E:\Drona-project\dhronacharya-backend\node_modules\express\lib\router\index.js:175:3)
    at router (E:\Drona-project\dhronacharya-backend\node_modules\express\lib\router\index.js:47:12)
    at Layer.handle [as handle_request] (E:\Drona-project\dhronacharya-backend\node_modules\express\lib\router\layer.js:95:5)
    at trim_prefix (E:\Drona-project\dhronacharya-backend\node_modules\express\lib\router\index.js:328:13)
    at E:\Drona-project\dhronacharya-backend\node_modules\express\lib\router\index.js:286:9
    at Function.process_params (E:\Drona-project\dhronacharya-backend\node_modules\express\lib\router\index.js:346:12)
    at next (E:\Drona-project\dhronacharya-backend\node_modules\express\lib\router\index.js:280:10)
    at logger (E:\Drona-project\dhronacharya-backend\node_modules\morgan\index.js:144:5)
    at Layer.handle [as handle_request] (E:\Drona-project\dhronacharya-backend\node_modules\express\lib\router\layer.js:95:5)
    at trim_prefix (E:\Drona-project\dhronacharya-backend\node_modules\express\lib\router\index.js:328:13)
    at E:\Drona-project\dhronacharya-backend\node_modules\express\lib\router\index.js:286:9
    at Function.process_params (E:\Drona-project\dhronacharya-backend\node_modules\express\lib\router\index.js:346:12)
    at next (E:\Drona-project\dhronacharya-backend\node_modules\express\lib\router\index.js:280:10)
    at E:\Drona-project\dhronacharya-backend\node_modules\body-parser\lib\read.js:137:5
    at AsyncResource.runInAsyncScope (node:async_hooks:206:9)
    at invokeCallback (E:\Drona-project\dhronacharya-backend\node_modules\raw-body\index.js:238:16)
    at done (E:\Drona-project\dhronacharya-backend\node_modules\raw-body\index.js:227:7)
    at IncomingMessage.onEnd (E:\Drona-project\dhronacharya-backend\node_modules\raw-body\index.js:287:7)
    at IncomingMessage.emit (node:events:519:28)
    at IncomingMessage.emit (node:domain:488:12)
    at endReadableNT (node:internal/streams/readable:1696:12)
    at process.processTicksAndRejections (node:internal/process/task_queues:82:21) 
    url - /api/auth/signup 
    method - POST 
    IP - ::1
   {"timestamp":"2025-06-05T08:05:30.414Z"}
error: 
    status - 500 
    message - ReferenceError: Op is not defined
    at signup (file:///E:/Drona-project/dhronacharya-backend/src/controllers/auth.controller.js:80:10)
    at Layer.handle [as handle_request] (E:\Drona-project\dhronacharya-backend\node_modules\express\lib\router\layer.js:95:5)
    at next (E:\Drona-project\dhronacharya-backend\node_modules\express\lib\router\route.js:149:13)
    at newUserValidator (file:///E:/Drona-project/dhronacharya-backend/src/validators/user.validator.js:16:5)
    at Layer.handle [as handle_request] (E:\Drona-project\dhronacharya-backend\node_modules\express\lib\router\layer.js:95:5)
    at next (E:\Drona-project\dhronacharya-backend\node_modules\express\lib\router\route.js:149:13)
    at Route.dispatch (E:\Drona-project\dhronacharya-backend\node_modules\express\lib\router\route.js:119:3)
    at Layer.handle [as handle_request] (E:\Drona-project\dhronacharya-backend\node_modules\express\lib\router\layer.js:95:5)
    at E:\Drona-project\dhronacharya-backend\node_modules\express\lib\router\index.js:284:15
    at Function.process_params (E:\Drona-project\dhronacharya-backend\node_modules\express\lib\router\index.js:346:12)
    at next (E:\Drona-project\dhronacharya-backend\node_modules\express\lib\router\index.js:280:10)
    at Function.handle (E:\Drona-project\dhronacharya-backend\node_modules\express\lib\router\index.js:175:3)
    at router (E:\Drona-project\dhronacharya-backend\node_modules\express\lib\router\index.js:47:12)
    at Layer.handle [as handle_request] (E:\Drona-project\dhronacharya-backend\node_modules\express\lib\router\layer.js:95:5)
    at trim_prefix (E:\Drona-project\dhronacharya-backend\node_modules\express\lib\router\index.js:328:13)
    at E:\Drona-project\dhronacharya-backend\node_modules\express\lib\router\index.js:286:9
    at Function.process_params (E:\Drona-project\dhronacharya-backend\node_modules\express\lib\router\index.js:346:12)
    at next (E:\Drona-project\dhronacharya-backend\node_modules\express\lib\router\index.js:280:10)
    at logger (E:\Drona-project\dhronacharya-backend\node_modules\morgan\index.js:144:5)
    at Layer.handle [as handle_request] (E:\Drona-project\dhronacharya-backend\node_modules\express\lib\router\layer.js:95:5)
    at trim_prefix (E:\Drona-project\dhronacharya-backend\node_modules\express\lib\router\index.js:328:13)
    at E:\Drona-project\dhronacharya-backend\node_modules\express\lib\router\index.js:286:9
    at Function.process_params (E:\Drona-project\dhronacharya-backend\node_modules\express\lib\router\index.js:346:12)
    at next (E:\Drona-project\dhronacharya-backend\node_modules\express\lib\router\index.js:280:10)
    at E:\Drona-project\dhronacharya-backend\node_modules\body-parser\lib\read.js:137:5
    at AsyncResource.runInAsyncScope (node:async_hooks:206:9)
    at invokeCallback (E:\Drona-project\dhronacharya-backend\node_modules\raw-body\index.js:238:16)
    at done (E:\Drona-project\dhronacharya-backend\node_modules\raw-body\index.js:227:7)
    at IncomingMessage.onEnd (E:\Drona-project\dhronacharya-backend\node_modules\raw-body\index.js:287:7)
    at IncomingMessage.emit (node:events:519:28)
    at IncomingMessage.emit (node:domain:488:12)
    at endReadableNT (node:internal/streams/readable:1696:12)
    at process.processTicksAndRejections (node:internal/process/task_queues:82:21) 
    url - /api/auth/signup 
    method - POST 
    IP - ::1
   {"timestamp":"2025-06-05T08:09:32.329Z"}
error: 
    status - 500 
    message - ReferenceError: Op is not defined
    at signup (file:///E:/Drona-project/dhronacharya-backend/src/controllers/auth.controller.js:80:10)
    at Layer.handle [as handle_request] (E:\Drona-project\dhronacharya-backend\node_modules\express\lib\router\layer.js:95:5)
    at next (E:\Drona-project\dhronacharya-backend\node_modules\express\lib\router\route.js:149:13)
    at newUserValidator (file:///E:/Drona-project/dhronacharya-backend/src/validators/user.validator.js:16:5)
    at Layer.handle [as handle_request] (E:\Drona-project\dhronacharya-backend\node_modules\express\lib\router\layer.js:95:5)
    at next (E:\Drona-project\dhronacharya-backend\node_modules\express\lib\router\route.js:149:13)
    at Route.dispatch (E:\Drona-project\dhronacharya-backend\node_modules\express\lib\router\route.js:119:3)
    at Layer.handle [as handle_request] (E:\Drona-project\dhronacharya-backend\node_modules\express\lib\router\layer.js:95:5)
    at E:\Drona-project\dhronacharya-backend\node_modules\express\lib\router\index.js:284:15
    at Function.process_params (E:\Drona-project\dhronacharya-backend\node_modules\express\lib\router\index.js:346:12)
    at next (E:\Drona-project\dhronacharya-backend\node_modules\express\lib\router\index.js:280:10)
    at Function.handle (E:\Drona-project\dhronacharya-backend\node_modules\express\lib\router\index.js:175:3)
    at router (E:\Drona-project\dhronacharya-backend\node_modules\express\lib\router\index.js:47:12)
    at Layer.handle [as handle_request] (E:\Drona-project\dhronacharya-backend\node_modules\express\lib\router\layer.js:95:5)
    at trim_prefix (E:\Drona-project\dhronacharya-backend\node_modules\express\lib\router\index.js:328:13)
    at E:\Drona-project\dhronacharya-backend\node_modules\express\lib\router\index.js:286:9
    at Function.process_params (E:\Drona-project\dhronacharya-backend\node_modules\express\lib\router\index.js:346:12)
    at next (E:\Drona-project\dhronacharya-backend\node_modules\express\lib\router\index.js:280:10)
    at logger (E:\Drona-project\dhronacharya-backend\node_modules\morgan\index.js:144:5)
    at Layer.handle [as handle_request] (E:\Drona-project\dhronacharya-backend\node_modules\express\lib\router\layer.js:95:5)
    at trim_prefix (E:\Drona-project\dhronacharya-backend\node_modules\express\lib\router\index.js:328:13)
    at E:\Drona-project\dhronacharya-backend\node_modules\express\lib\router\index.js:286:9
    at Function.process_params (E:\Drona-project\dhronacharya-backend\node_modules\express\lib\router\index.js:346:12)
    at next (E:\Drona-project\dhronacharya-backend\node_modules\express\lib\router\index.js:280:10)
    at E:\Drona-project\dhronacharya-backend\node_modules\body-parser\lib\read.js:137:5
    at AsyncResource.runInAsyncScope (node:async_hooks:206:9)
    at invokeCallback (E:\Drona-project\dhronacharya-backend\node_modules\raw-body\index.js:238:16)
    at done (E:\Drona-project\dhronacharya-backend\node_modules\raw-body\index.js:227:7)
    at IncomingMessage.onEnd (E:\Drona-project\dhronacharya-backend\node_modules\raw-body\index.js:287:7)
    at IncomingMessage.emit (node:events:519:28)
    at IncomingMessage.emit (node:domain:488:12)
    at endReadableNT (node:internal/streams/readable:1696:12)
    at process.processTicksAndRejections (node:internal/process/task_queues:82:21) 
    url - /api/auth/signup 
    method - POST 
    IP - ::1
   {"timestamp":"2025-06-05T08:09:35.536Z"}
info: Connected to the database. {"timestamp":"2025-06-05T08:14:22.445Z"}
info: ✅ Server started at http://localhost:3000/api/ {"timestamp":"2025-06-05T08:14:22.474Z"}
info: Connected to the database. {"timestamp":"2025-06-05T09:21:21.888Z"}
info: ✅ Server started at http://localhost:3000/api/ {"timestamp":"2025-06-05T09:21:21.918Z"}
info: Connected to the database. {"timestamp":"2025-06-05T10:37:21.709Z"}
info: ✅ Server started at http://localhost:3000/api/ {"timestamp":"2025-06-05T10:37:21.801Z"}
info: Connected to the database. {"timestamp":"2025-06-05T10:37:28.990Z"}
info: ✅ Server started at http://localhost:3000/api/ {"timestamp":"2025-06-05T10:37:29.030Z"}
info: Connected to the database. {"timestamp":"2025-06-05T10:38:30.306Z"}
info: ✅ Server started at http://localhost:3000/api/ {"timestamp":"2025-06-05T10:38:30.335Z"}
info: Connected to the database. {"timestamp":"2025-06-05T10:38:41.615Z"}
info: ✅ Server started at http://localhost:3000/api/ {"timestamp":"2025-06-05T10:38:41.672Z"}
info: Connected to the database. {"timestamp":"2025-06-05T10:42:36.954Z"}
info: ✅ Server started at http://localhost:3000/api/ {"timestamp":"2025-06-05T10:42:37.018Z"}
info: Connected to the database. {"timestamp":"2025-06-05T10:42:44.767Z"}
info: ✅ Server started at http://localhost:3000/api/ {"timestamp":"2025-06-05T10:42:44.802Z"}
info: Connected to the database. {"timestamp":"2025-06-05T10:43:15.018Z"}
info: Connected to the database. {"timestamp":"2025-06-05T10:43:52.931Z"}
info: Connected to the database. {"timestamp":"2025-06-05T10:44:23.340Z"}
info: Connected to the database. {"timestamp":"2025-06-05T10:44:52.485Z"}
info: Connected to the database. {"timestamp":"2025-06-05T10:46:35.648Z"}
info: Connected to the database. {"timestamp":"2025-06-05T10:47:17.904Z"}
info: Connected to the database. {"timestamp":"2025-06-05T10:47:30.359Z"}
info: Connected to the database. {"timestamp":"2025-06-05T10:48:30.238Z"}
info: ✅ Server started at http://localhost:3000/api/ {"timestamp":"2025-06-05T10:48:30.293Z"}
info: Connected to the database. {"timestamp":"2025-06-05T11:13:34.660Z"}
info: ✅ Server started at http://localhost:3000/api/ {"timestamp":"2025-06-05T11:13:34.690Z"}
info: Connected to the database. {"timestamp":"2025-06-05T11:23:28.560Z"}
info: ✅ Server started at http://localhost:3000/api/ {"timestamp":"2025-06-05T11:23:28.609Z"}
info: Connected to the database. {"timestamp":"2025-06-05T11:32:22.392Z"}
info: ✅ Server started at http://localhost:3000/api/ {"timestamp":"2025-06-05T11:32:22.455Z"}
info: Connected to the database. {"timestamp":"2025-06-05T11:32:29.024Z"}
info: ✅ Server started at http://localhost:3000/api/ {"timestamp":"2025-06-05T11:32:29.057Z"}
info: Connected to the database. {"timestamp":"2025-06-05T11:32:31.709Z"}
info: ✅ Server started at http://localhost:3000/api/ {"timestamp":"2025-06-05T11:32:31.751Z"}
info: Connected to the database. {"timestamp":"2025-06-05T11:33:11.573Z"}
info: ✅ Server started at http://localhost:3000/api/ {"timestamp":"2025-06-05T11:33:11.607Z"}
info: Connected to the database. {"timestamp":"2025-06-05T11:53:11.958Z"}
info: ✅ Server started at http://localhost:3000/api/ {"timestamp":"2025-06-05T11:53:11.982Z"}
info: Connected to the database. {"timestamp":"2025-06-05T11:55:31.591Z"}
info: Connected to the database. {"timestamp":"2025-06-05T11:58:33.173Z"}
info: Connected to the database. {"timestamp":"2025-06-05T11:59:44.763Z"}
info: Connected to the database. {"timestamp":"2025-06-05T12:02:25.511Z"}
info: ✅ Server started at http://localhost:3000/api/ {"timestamp":"2025-06-05T12:02:25.550Z"}
error: Signup Error: notNull Violation: Tutor.name cannot be null,
notNull Violation: Tutor.subjects cannot be null,
notNull Violation: Tutor.classes cannot be null,
notNull Violation: Tutor.degrees cannot be null {"errors":[{"instance":{"createdAt":"2025-06-05T12:03:01.745Z","created_at":"2025-06-05T12:03:01.745Z","profile_status":"pending","updatedAt":"2025-06-05T12:03:01.745Z","updated_at":"2025-06-05T12:03:01.745Z","user_id":"95422ea5-a38b-47da-b725-a77b7a79f53b"},"message":"Tutor.name cannot be null","origin":"CORE","path":"name","type":"notNull Violation","validatorArgs":[],"validatorKey":"is_null","validatorName":null,"value":null},{"instance":{"createdAt":"2025-06-05T12:03:01.745Z","created_at":"2025-06-05T12:03:01.745Z","profile_status":"pending","updatedAt":"2025-06-05T12:03:01.745Z","updated_at":"2025-06-05T12:03:01.745Z","user_id":"95422ea5-a38b-47da-b725-a77b7a79f53b"},"message":"Tutor.subjects cannot be null","origin":"CORE","path":"subjects","type":"notNull Violation","validatorArgs":[],"validatorKey":"is_null","validatorName":null,"value":null},{"instance":{"createdAt":"2025-06-05T12:03:01.745Z","created_at":"2025-06-05T12:03:01.745Z","profile_status":"pending","updatedAt":"2025-06-05T12:03:01.745Z","updated_at":"2025-06-05T12:03:01.745Z","user_id":"95422ea5-a38b-47da-b725-a77b7a79f53b"},"message":"Tutor.classes cannot be null","origin":"CORE","path":"classes","type":"notNull Violation","validatorArgs":[],"validatorKey":"is_null","validatorName":null,"value":null},{"instance":{"createdAt":"2025-06-05T12:03:01.745Z","created_at":"2025-06-05T12:03:01.745Z","profile_status":"pending","updatedAt":"2025-06-05T12:03:01.745Z","updated_at":"2025-06-05T12:03:01.745Z","user_id":"95422ea5-a38b-47da-b725-a77b7a79f53b"},"message":"Tutor.degrees cannot be null","origin":"CORE","path":"degrees","type":"notNull Violation","validatorArgs":[],"validatorKey":"is_null","validatorName":null,"value":null}],"name":"SequelizeValidationError","stack":"SequelizeValidationError: notNull Violation: Tutor.name cannot be null,\nnotNull Violation: Tutor.subjects cannot be null,\nnotNull Violation: Tutor.classes cannot be null,\nnotNull Violation: Tutor.degrees cannot be null\n    at InstanceValidator._validate (E:\\Drona-project\\dhronacharya-backend\\node_modules\\sequelize\\lib\\instance-validator.js:50:13)\n    at process.processTicksAndRejections (node:internal/process/task_queues:95:5)\n    at async InstanceValidator._validateAndRunHooks (E:\\Drona-project\\dhronacharya-backend\\node_modules\\sequelize\\lib\\instance-validator.js:60:7)\n    at async InstanceValidator.validate (E:\\Drona-project\\dhronacharya-backend\\node_modules\\sequelize\\lib\\instance-validator.js:54:12)\n    at async model.save (E:\\Drona-project\\dhronacharya-backend\\node_modules\\sequelize\\lib\\model.js:2426:7)\n    at async Tutor.create (E:\\Drona-project\\dhronacharya-backend\\node_modules\\sequelize\\lib\\model.js:1362:12)\n    at async signup (file:///E:/Drona-project/dhronacharya-backend/src/controllers/auth.controller.js:50:7)","timestamp":"2025-06-05T12:03:01.747Z"}
info: Connected to the database. {"timestamp":"2025-06-05T12:11:56.864Z"}
info: ✅ Server started at http://localhost:3000/api/ {"timestamp":"2025-06-05T12:11:56.894Z"}
error: 
    status - 500 
    message - ValidationError: "subject" is not allowed 
    url - /api/auth/signup 
    method - POST 
    IP - ::1
   {"timestamp":"2025-06-05T12:13:08.484Z"}
error: 
    status - 500 
    message - ValidationError: "class" is not allowed 
    url - /api/auth/signup 
    method - POST 
    IP - ::1
   {"timestamp":"2025-06-05T12:13:34.913Z"}
info: Connected to the database. {"timestamp":"2025-06-05T12:14:23.245Z"}
info: ✅ Server started at http://localhost:3000/api/ {"timestamp":"2025-06-05T12:14:23.283Z"}
info: Connected to the database. {"timestamp":"2025-06-05T12:14:51.010Z"}
info: ✅ Server started at http://localhost:3000/api/ {"timestamp":"2025-06-05T12:14:51.053Z"}
error: 
    status - 500 
    message - ValidationError: "class" is not allowed 
    url - /api/auth/signup 
    method - POST 
    IP - ::1
   {"timestamp":"2025-06-05T12:16:30.568Z"}
info: Connected to the database. {"timestamp":"2025-06-05T12:20:46.774Z"}
info: ✅ Server started at http://localhost:3000/api/ {"timestamp":"2025-06-05T12:20:46.802Z"}
error: 
    status - 500 
    message - ValidationError: "class" is not allowed 
    url - /api/auth/signup 
    method - POST 
    IP - ::1
   {"timestamp":"2025-06-05T12:20:52.805Z"}
info: Connected to the database. {"timestamp":"2025-06-05T12:24:09.828Z"}
info: ✅ Server started at http://localhost:3000/api/ {"timestamp":"2025-06-05T12:24:09.860Z"}
error: Signup Error: null value in column "name" of relation "students" violates not-null constraint {"name":"SequelizeDatabaseError","original":{"code":"23502","column":"name","detail":"Failing row contains (null, 2025-06-05 12:24:17.476+00, 2025-06-05 12:24:17.476+00, ed87a70a-8479-4b73-bb6a-53d5dc1d0a03, 10th, {\"Math\",\"Science\"}).","file":"execMain.c","length":316,"line":"1982","name":"error","parameters":["ed87a70a-8479-4b73-bb6a-53d5dc1d0a03",null,"10th",["Math","Science"],"2025-06-05 12:24:17.476 +00:00","2025-06-05 12:24:17.476 +00:00"],"routine":"ExecConstraints","schema":"public","severity":"ERROR","sql":"INSERT INTO \"students\" (\"user_id\",\"name\",\"class\",\"subjects\",\"created_at\",\"updated_at\") VALUES ($1,$2,$3,$4,$5,$6) RETURNING \"user_id\",\"name\",\"class\",\"subjects\",\"created_at\",\"updated_at\",\"created_at\",\"updated_at\";","table":"students"},"parameters":["ed87a70a-8479-4b73-bb6a-53d5dc1d0a03",null,"10th",["Math","Science"],"2025-06-05 12:24:17.476 +00:00","2025-06-05 12:24:17.476 +00:00"],"parent":{"code":"23502","column":"name","detail":"Failing row contains (null, 2025-06-05 12:24:17.476+00, 2025-06-05 12:24:17.476+00, ed87a70a-8479-4b73-bb6a-53d5dc1d0a03, 10th, {\"Math\",\"Science\"}).","file":"execMain.c","length":316,"line":"1982","name":"error","parameters":["ed87a70a-8479-4b73-bb6a-53d5dc1d0a03",null,"10th",["Math","Science"],"2025-06-05 12:24:17.476 +00:00","2025-06-05 12:24:17.476 +00:00"],"routine":"ExecConstraints","schema":"public","severity":"ERROR","sql":"INSERT INTO \"students\" (\"user_id\",\"name\",\"class\",\"subjects\",\"created_at\",\"updated_at\") VALUES ($1,$2,$3,$4,$5,$6) RETURNING \"user_id\",\"name\",\"class\",\"subjects\",\"created_at\",\"updated_at\",\"created_at\",\"updated_at\";","table":"students"},"sql":"INSERT INTO \"students\" (\"user_id\",\"name\",\"class\",\"subjects\",\"created_at\",\"updated_at\") VALUES ($1,$2,$3,$4,$5,$6) RETURNING \"user_id\",\"name\",\"class\",\"subjects\",\"created_at\",\"updated_at\",\"created_at\",\"updated_at\";","stack":"Error\n    at Query.run (E:\\Drona-project\\dhronacharya-backend\\node_modules\\sequelize\\lib\\dialects\\postgres\\query.js:50:25)\n    at E:\\Drona-project\\dhronacharya-backend\\node_modules\\sequelize\\lib\\sequelize.js:315:28\n    at process.processTicksAndRejections (node:internal/process/task_queues:95:5)\n    at async PostgresQueryInterface.insert (E:\\Drona-project\\dhronacharya-backend\\node_modules\\sequelize\\lib\\dialects\\abstract\\query-interface.js:308:21)\n    at async model.save (E:\\Drona-project\\dhronacharya-backend\\node_modules\\sequelize\\lib\\model.js:2490:35)\n    at async Student.create (E:\\Drona-project\\dhronacharya-backend\\node_modules\\sequelize\\lib\\model.js:1362:12)\n    at async signup (file:///E:/Drona-project/dhronacharya-backend/src/controllers/auth.controller.js:108:7)","timestamp":"2025-06-05T12:24:17.488Z"}
info: Connected to the database. {"timestamp":"2025-06-05T12:26:38.856Z"}
info: ✅ Server started at http://localhost:3000/api/ {"timestamp":"2025-06-05T12:26:38.894Z"}
